#
# There is insufficient memory for the Java Runtime Environment to continue.
# Native memory allocation (mmap) failed to map 266338304 bytes for G1 virtual space
# Possible reasons:
#   The system is out of physical RAM or swap space
#   The process is running with CompressedOops enabled, and the Java Heap may be blocking the growth of the native heap
# Possible solutions:
#   Reduce memory load on the system
#   Increase physical memory or swap space
#   Check if swap backing store is full
#   Decrease Java heap size (-Xmx/-Xms)
#   Decrease number of Java threads
#   Decrease Java thread stack sizes (-Xss)
#   Set larger code cache with -XX:ReservedCodeCacheSize=
#   JVM is running with Zero Based Compressed Oops mode in which the Java heap is
#     placed in the first 32GB address space. The Java Heap base address is the
#     maximum limit for the native heap growth. Please use -XX:HeapBaseMinAddress
#     to set the Java Heap base and to place the Java Heap above 32GB virtual address.
# This output file may be truncated or incomplete.
#
#  Out of Memory Error (./open/src/hotspot/os/windows/os_windows.cpp:3321), pid=24204, tid=21288
#
# JRE version:  (15.0.2+7) (build )
# Java VM: OpenJDK 64-Bit Server VM (15.0.2+7-27, mixed mode, sharing, tiered, compressed oops, g1 gc, windows-amd64)
# No core dump will be written. Minidumps are not enabled by default on client versions of Windows
#

---------------  S U M M A R Y ------------

Command Line: -ea -Dtestng.dtd.http=true -Dfile.encoding=Cp1252 -XX:+ShowCodeDetailsInExceptionMessages org.testng.remote.RemoteTestNG -serport 62187 -protocol json -d C:\Users\brupesh\eclipse-workspace\restapi\test-output C:\Users\brupesh\AppData\Local\Temp\testng-eclipse--1595833492\testng-customsuite.xml

Host: Intel(R) Core(TM) i7-8565U CPU @ 1.80GHz, 8 cores, 15G,  Windows 10 , 64 bit Build 18362 (10.0.18362.1350)
Time: Thu Apr 15 23:56:56 2021 India Standard Time elapsed time: 0.017367 seconds (0d 0h 0m 0s)

---------------  T H R E A D  ---------------

Current thread (0x000001a978d12ce0):  JavaThread "Unknown thread" [_thread_in_vm, id=21288, stack(0x00000047c4a00000,0x00000047c4b00000)]

Stack: [0x00000047c4a00000,0x00000047c4b00000]
Native frames: (J=compiled Java code, j=interpreted, Vv=VM code, C=native code)
V  [jvm.dll+0x62ae9a]
V  [jvm.dll+0x7817a9]
V  [jvm.dll+0x782f03]
V  [jvm.dll+0x783563]
V  [jvm.dll+0x216325]
V  [jvm.dll+0x6281d9]
V  [jvm.dll+0x61cf55]
V  [jvm.dll+0x2cffdd]
V  [jvm.dll+0x2cfe42]
V  [jvm.dll+0x2d5e1c]
V  [jvm.dll+0x32590a]
V  [jvm.dll+0x324fd4]
V  [jvm.dll+0x2a6f5a]
V  [jvm.dll+0x2a80f8]
V  [jvm.dll+0x75e241]
V  [jvm.dll+0x3341c4]
V  [jvm.dll+0x73e926]
V  [jvm.dll+0x3b7557]
V  [jvm.dll+0x3b8fe1]
C  [jli.dll+0x52fb]
C  [ucrtbase.dll+0x210b2]
C  [KERNEL32.dll+0x17c24]
C  [ntdll.dll+0x6d721]


---------------  P R O C E S S  ---------------

Threads class SMR info:
_java_thread_list=0x00007ffcc6034ff0, length=0, elements={
}

Java Threads: ( => current thread )

Other Threads:
  0x000001a978d64220 GCTaskThread "GC Thread#0" [stack: 0x00000047c4b00000,0x00000047c4c00000] [id=37108]
  0x000001a978d76740 ConcurrentGCThread "G1 Main Marker" [stack: 0x00000047c4c00000,0x00000047c4d00000] [id=36536]
  0x000001a978d788f0 ConcurrentGCThread "G1 Conc#0" [stack: 0x00000047c4d00000,0x00000047c4e00000] [id=25584]

[error occurred during error reporting (printing all threads), id 0xc0000005, EXCEPTION_ACCESS_VIOLATION (0xc0000005) at pc=0x00007ffcc5827e27]

VM state: not at safepoint (not fully initialized)

VM Mutex/Monitor currently owned by a thread:  ([mutex/lock_event])
[0x000001a978d0f460] Heap_lock - owner thread: 0x000001a978d12ce0

Heap address: 0x0000000702e00000, size: 4050 MB, Compressed Oops mode: Zero based, Oop shift amount: 3
CDS archive(s) mapped at: [0x0000000000000000-0x0000000000000000-0x0000000000000000), size 0, SharedBaseAddress: 0x0000000800000000, ArchiveRelocationMode: 0.
Narrow klass base: 0x0000000000000000, Narrow klass shift: 0, Narrow klass range: 0x0

Heap:
 garbage-first heap   total 260096K, used 0K [0x0000000702e00000, 0x0000000800000000)
  region size 2048K, 0 young (0K), 0 survivors (0K)
 Metaspace       used 0K, capacity 0K, committed 0K, reserved 0K
  class space    used 0K, capacity 0K, committed 0K, reserved 0K

Heap Regions: E=young(eden), S=young(survivor), O=old, HS=humongous(starts), HC=humongous(continues), CS=collection set, F=free, OA=open archive, CA=closed archive, TAMS=top-at-mark-start (previous, next)

Card table byte_map: [0x000001a97d210000,0x000001a97da00000] _byte_map_base: 0x000001a9799f9000

Marking Bits (Prev, Next): (CMBitMap*) 0x000001a978d648a0, (CMBitMap*) 0x000001a978d648e0
 Prev Bits: [0x000001a90f000000, 0x000001a912f48000)
 Next Bits: [0x000001a912f50000, 0x000001a916e98000)

GC Heap History (0 events):
No events

Deoptimization events (0 events):
No events

Classes unloaded (0 events):
No events

Classes redefined (0 events):
No events

Internal exceptions (0 events):
No events

Events (1 events):
Event: 0.008 Loaded shared library C:\Users\brupesh\.p2\pool\plugins\org.eclipse.justj.openjdk.hotspot.jre.full.win32.x86_64_15.0.2.v20210201-0955\jre\bin\java.dll


Dynamic libraries:
0x00007ff7b6120000 - 0x00007ff7b612d000 	C:\Users\brupesh\.p2\pool\plugins\org.eclipse.justj.openjdk.hotspot.jre.full.win32.x86_64_15.0.2.v20210201-0955\jre\bin\javaw.exe
0x00007ffd275e0000 - 0x00007ffd277d0000 	C:\Windows\SYSTEM32\ntdll.dll
0x00007ffd266e0000 - 0x00007ffd26792000 	C:\Windows\System32\KERNEL32.dll
0x00007ffd24150000 - 0x00007ffd2426b000 	C:\Windows\system32\hmpalert.dll
0x00007ffd25210000 - 0x00007ffd254b5000 	C:\Windows\System32\KERNELBASE.dll
0x00007ffd24e80000 - 0x00007ffd24f7a000 	C:\Windows\System32\ucrtbase.dll
0x00007ffd216f0000 - 0x00007ffd21708000 	C:\Users\brupesh\.p2\pool\plugins\org.eclipse.justj.openjdk.hotspot.jre.full.win32.x86_64_15.0.2.v20210201-0955\jre\bin\jli.dll
0x00007ffd1cd40000 - 0x00007ffd1cd59000 	C:\Users\brupesh\.p2\pool\plugins\org.eclipse.justj.openjdk.hotspot.jre.full.win32.x86_64_15.0.2.v20210201-0955\jre\bin\VCRUNTIME140.dll
0x00007ffd26cf0000 - 0x00007ffd26e84000 	C:\Windows\System32\USER32.dll
0x00007ffd25130000 - 0x00007ffd25151000 	C:\Windows\System32\win32u.dll
0x00007ffd26240000 - 0x00007ffd26266000 	C:\Windows\System32\GDI32.dll
0x00007ffd254c0000 - 0x00007ffd25658000 	C:\Windows\System32\gdi32full.dll
0x00007ffd245d0000 - 0x00007ffd2466e000 	C:\Windows\System32\msvcp_win.dll
0x00007ffd08e20000 - 0x00007ffd090a4000 	C:\Windows\WinSxS\amd64_microsoft.windows.common-controls_6595b64144ccf1df_6.0.18362.1379_none_9e7ff3b3e45cc0c4\COMCTL32.dll
0x00007ffd261a0000 - 0x00007ffd2623e000 	C:\Windows\System32\msvcrt.dll
0x00007ffd27100000 - 0x00007ffd27437000 	C:\Windows\System32\combase.dll
0x00007ffd25ed0000 - 0x00007ffd25fef000 	C:\Windows\System32\RPCRT4.dll
0x00007ffd24670000 - 0x00007ffd246f1000 	C:\Windows\System32\bcryptPrimitives.dll
0x00007ffd26270000 - 0x00007ffd2629e000 	C:\Windows\System32\IMM32.DLL
0x00007ffd21c30000 - 0x00007ffd21c3c000 	C:\Users\brupesh\.p2\pool\plugins\org.eclipse.justj.openjdk.hotspot.jre.full.win32.x86_64_15.0.2.v20210201-0955\jre\bin\vcruntime140_1.dll
0x00007ffd02960000 - 0x00007ffd029f1000 	C:\Users\brupesh\.p2\pool\plugins\org.eclipse.justj.openjdk.hotspot.jre.full.win32.x86_64_15.0.2.v20210201-0955\jre\bin\msvcp140.dll
0x00007ffcc5570000 - 0x00007ffcc60ce000 	C:\Users\brupesh\.p2\pool\plugins\org.eclipse.justj.openjdk.hotspot.jre.full.win32.x86_64_15.0.2.v20210201-0955\jre\bin\server\jvm.dll
0x00007ffd26ef0000 - 0x00007ffd26f93000 	C:\Windows\System32\ADVAPI32.dll
0x00007ffd25ff0000 - 0x00007ffd26087000 	C:\Windows\System32\sechost.dll
0x00007ffd26520000 - 0x00007ffd26528000 	C:\Windows\System32\PSAPI.DLL
0x00007ffd20f20000 - 0x00007ffd20f29000 	C:\Windows\SYSTEM32\WSOCK32.dll
0x00007ffd21520000 - 0x00007ffd21544000 	C:\Windows\SYSTEM32\WINMM.dll
0x00007ffd26530000 - 0x00007ffd2659f000 	C:\Windows\System32\WS2_32.dll
0x00007ffd1e5d0000 - 0x00007ffd1e5da000 	C:\Windows\SYSTEM32\VERSION.dll
0x00007ffd214f0000 - 0x00007ffd2151d000 	C:\Windows\SYSTEM32\winmmbase.dll
0x00007ffd24580000 - 0x00007ffd245ca000 	C:\Windows\System32\cfgmgr32.dll
0x00007ffd24540000 - 0x00007ffd24551000 	C:\Windows\System32\kernel.appcore.dll
0x00007ffd1faf0000 - 0x00007ffd1fafa000 	C:\Users\brupesh\.p2\pool\plugins\org.eclipse.justj.openjdk.hotspot.jre.full.win32.x86_64_15.0.2.v20210201-0955\jre\bin\jimage.dll
0x00007ffd22c70000 - 0x00007ffd22e64000 	C:\Windows\SYSTEM32\DBGHELP.DLL
0x00007ffd09200000 - 0x00007ffd0922a000 	C:\Windows\SYSTEM32\dbgcore.DLL
0x00007ffd08960000 - 0x00007ffd08985000 	C:\Users\brupesh\.p2\pool\plugins\org.eclipse.justj.openjdk.hotspot.jre.full.win32.x86_64_15.0.2.v20210201-0955\jre\bin\java.dll

dbghelp: loaded successfully - version: 4.0.5 - missing functions: none
symbol engine: initialized successfully - sym options: 0x614 - pdb path: .;C:\Users\brupesh\.p2\pool\plugins\org.eclipse.justj.openjdk.hotspot.jre.full.win32.x86_64_15.0.2.v20210201-0955\jre\bin;C:\Windows\SYSTEM32;C:\Windows\WinSxS\amd64_microsoft.windows.common-controls_6595b64144ccf1df_6.0.18362.1379_none_9e7ff3b3e45cc0c4;C:\Users\brupesh\.p2\pool\plugins\org.eclipse.justj.openjdk.hotspot.jre.full.win32.x86_64_15.0.2.v20210201-0955\jre\bin\server

VM Arguments:
jvm_args: -ea -Dtestng.dtd.http=true -Dfile.encoding=Cp1252 -XX:+ShowCodeDetailsInExceptionMessages 
java_command: org.testng.remote.RemoteTestNG -serport 62187 -protocol json -d C:\Users\brupesh\eclipse-workspace\restapi\test-output C:\Users\brupesh\AppData\Local\Temp\testng-eclipse--1595833492\testng-customsuite.xml
java_class_path (initial): C:\Users\brupesh\eclipse\java-2020-12\eclipse\configuration\org.eclipse.osgi\476\0\.cp\lib\testng-remote.jar;C:\Users\brupesh\eclipse-workspace\restapi\target\test-classes;C:\Users\brupesh\eclipse-workspace\restapi\target\classes;C:\Users\brupesh\.m2\repository\org\testng\testng\7.3.0\testng-7.3.0.jar;C:\Users\brupesh\.m2\repository\com\beust\jcommander\1.78\jcommander-1.78.jar;C:\Users\brupesh\.m2\repository\org\apache\ant\ant\1.10.3\ant-1.10.3.jar;C:\Users\brupesh\.m2\repository\org\apache\ant\ant-launcher\1.10.3\ant-launcher-1.10.3.jar;C:\Users\brupesh\.m2\repository\junit\junit\4.12\junit-4.12.jar;C:\Users\brupesh\.m2\repository\org\hamcrest\hamcrest-core\1.3\hamcrest-core-1.3.jar;C:\Users\brupesh\.m2\repository\com\google\inject\guice\4.2.2\guice-4.2.2-no_aop.jar;C:\Users\brupesh\.m2\repository\javax\inject\javax.inject\1\javax.inject-1.jar;C:\Users\brupesh\.m2\repository\aopalliance\aopalliance\1.0\aopalliance-1.0.jar;C:\Users\brupesh\.m2\repository\com\google\guava\guava\25.1-android\guava-25.1-android.jar;C:\Users\brupesh\.m2\repository\com\google\code\findbugs\jsr305\3.0.2\jsr305-3.0.2.jar;C:\Users\brupesh\.m2\repository\org\checkerframework\checker-compat-qual\2.0.0\checker-compat-qual-2.0.0.jar;C:\Users\brupesh\.m2\repository\com\google\errorprone\error_prone_annotations\2.1.3\error_prone_annotations-2.1.3.jar;C:\Users\brupesh\.m2\repository\com\google\j2objc\j2objc-annotations\1.1\j2objc-annotations-1.1.jar;C:\Users\brupesh\.m2\repository\org\codehaus\mojo\animal-sniffer-annotations\1.14\animal-sniffer-annotations-1.14.jar;C:\Users\brupesh\.m2\repository\org\yaml\snakeyaml\1.21\snakeyaml-1.21.jar;C:\Users\brupesh\.m2\repository\io\rest-assured\rest-assured\4.3.2\rest-assured-4.3.2.jar;C:\Users\brupesh\.m2\repository\org\codehaus\groovy\groovy\3.0.6\groovy-3.0.6.jar;C:\Users\brupesh\.m2\repository\org\codehaus\groovy\groovy-xml\3.0.6\groovy-xml-3.0.6.jar;C:\Users\brupesh\.m2\repository\org\apache\httpcomponents\httpclient\4.5.
Launcher Type: SUN_STANDARD

[Global flags]
     intx CICompilerCount                          = 4                                         {product} {ergonomic}
     uint ConcGCThreads                            = 2                                         {product} {ergonomic}
     uint G1ConcRefinementThreads                  = 8                                         {product} {ergonomic}
   size_t G1HeapRegionSize                         = 2097152                                   {product} {ergonomic}
    uintx GCDrainStackTargetSize                   = 64                                        {product} {ergonomic}
   size_t InitialHeapSize                          = 266338304                                 {product} {ergonomic}
   size_t MarkStackSize                            = 4194304                                   {product} {ergonomic}
   size_t MaxHeapSize                              = 4246732800                                {product} {ergonomic}
   size_t MinHeapDeltaBytes                        = 2097152                                   {product} {ergonomic}
   size_t MinHeapSize                              = 8388608                                   {product} {ergonomic}
    uintx NonNMethodCodeHeapSize                   = 5839372                                {pd product} {ergonomic}
    uintx NonProfiledCodeHeapSize                  = 122909434                              {pd product} {ergonomic}
    uintx ProfiledCodeHeapSize                     = 122909434                              {pd product} {ergonomic}
    uintx ReservedCodeCacheSize                    = 251658240                              {pd product} {ergonomic}
     bool SegmentedCodeCache                       = true                                      {product} {ergonomic}
     bool ShowCodeDetailsInExceptionMessages       = true                                   {manageable} {command line}
   size_t SoftMaxHeapSize                          = 4246732800                             {manageable} {ergonomic}
     bool UseCompressedClassPointers               = true                                 {lp64_product} {ergonomic}
     bool UseCompressedOops                        = true                                 {lp64_product} {ergonomic}
     bool UseG1GC                                  = true                                      {product} {ergonomic}
     bool UseLargePagesIndividualAllocation        = false                                  {pd product} {ergonomic}

Logging:
Log output configuration:
 #0: stdout all=warning uptime,level,tags
 #1: stderr all=off uptime,level,tags

Environment Variables:
PATH=C:/Users/brupesh/.p2/pool/plugins/org.eclipse.justj.openjdk.hotspot.jre.full.win32.x86_64_15.0.2.v20210201-0955/jre/bin/server;C:/Users/brupesh/.p2/pool/plugins/org.eclipse.justj.openjdk.hotspot.jre.full.win32.x86_64_15.0.2.v20210201-0955/jre/bin;C:\Program Files (x86)\Common Files\Oracle\Java\javapath;C:\Windows\system32;C:\Windows;C:\Windows\System32\Wbem;C:\Windows\System32\WindowsPowerShell\v1.0\;C:\Windows\System32\OpenSSH\;C:\Program Files\Java\jdk1.8.0_281;C:\Program Files\Java\jdk1.8.0_281\bin;C:\Program Files\Java;C:\Program Files\apache-maven-3.6.3\bin;C:\Users\brupesh\AppData\Local\Microsoft\WindowsApps;;C:\Users\brupesh\Desktop;
USERNAME=brupesh
OS=Windows_NT
PROCESSOR_IDENTIFIER=Intel64 Family 6 Model 142 Stepping 12, GenuineIntel



---------------  S Y S T E M  ---------------

OS:
 Windows 10 , 64 bit Build 18362 (10.0.18362.1350)
OS uptime: 52 days 12:54 hours

CPU: total 8 (initial active 8) (4 cores per cpu, 2 threads per core) family 6 model 142 stepping 12 microcode 0xde, cmov, cx8, fxsr, mmx, sse, sse2, sse3, ssse3, sse4.1, sse4.2, popcnt, vzeroupper, avx, avx2, aes, clmul, erms, 3dnowpref, lzcnt, ht, tsc, tscinvbit, bmi1, bmi2, adx, fma, clflush, clflushopt

Memory: 4k page, system-wide physical 16192M (4980M free)
TotalPageFile size 31296M (AvailPageFile size 152M)
current process WorkingSet (physical memory assigned to process): 10M, peak: 10M
current process commit charge ("private bytes"): 60M, peak: 314M

vm_info: OpenJDK 64-Bit Server VM (15.0.2+7-27) for windows-amd64 JRE (15.0.2+7-27), built on Dec  7 2020 20:02:38 by "mach5one" with unknown MS VC++:1925

END.
