#
# There is insufficient memory for the Java Runtime Environment to continue.
# Native memory allocation (malloc) failed to allocate 836816 bytes for Chunk::new
# Possible reasons:
#   The system is out of physical RAM or swap space
#   The process is running with CompressedOops enabled, and the Java Heap may be blocking the growth of the native heap
# Possible solutions:
#   Reduce memory load on the system
#   Increase physical memory or swap space
#   Check if swap backing store is full
#   Decrease Java heap size (-Xmx/-Xms)
#   Decrease number of Java threads
#   Decrease Java thread stack sizes (-Xss)
#   Set larger code cache with -XX:ReservedCodeCacheSize=
#   JVM is running with Zero Based Compressed Oops mode in which the Java heap is
#     placed in the first 32GB address space. The Java Heap base address is the
#     maximum limit for the native heap growth. Please use -XX:HeapBaseMinAddress
#     to set the Java Heap base and to place the Java Heap above 32GB virtual address.
# This output file may be truncated or incomplete.
#
#  Out of Memory Error (./open/src/hotspot/share/memory/arena.cpp:195), pid=26416, tid=3592
#
# JRE version: OpenJDK Runtime Environment (15.0.2+7) (build 15.0.2+7-27)
# Java VM: OpenJDK 64-Bit Server VM (15.0.2+7-27, mixed mode, tiered, compressed oops, g1 gc, windows-amd64)
# No core dump will be written. Minidumps are not enabled by default on client versions of Windows
#

---------------  S U M M A R Y ------------

Command Line: C:\Users\brupesh\eclipse-workspace\restapi\target\surefire\surefirebooter3029461383421150260.jar C:\Users\brupesh\eclipse-workspace\restapi\target\surefire\surefire16397800193711929670tmp C:\Users\brupesh\eclipse-workspace\restapi\target\surefire\surefire_016251748599717434240tmp

Host: Intel(R) Core(TM) i7-8565U CPU @ 1.80GHz, 8 cores, 15G,  Windows 10 , 64 bit Build 18362 (10.0.18362.1350)
Time: Thu Apr 15 23:45:22 2021 India Standard Time elapsed time: 2.700822 seconds (0d 0h 0m 2s)

---------------  T H R E A D  ---------------

Current thread (0x0000023673f52040):  JavaThread "C2 CompilerThread1" daemon [_thread_in_native, id=3592, stack(0x0000007685800000,0x0000007685900000)]


Current CompileTask:
C2:   2701 1766       4       sun.util.locale.BaseLocale::getInstance (186 bytes)

Stack: [0x0000007685800000,0x0000007685900000]
Native frames: (J=compiled Java code, j=interpreted, Vv=VM code, C=native code)
V  [jvm.dll+0x62ae9a]
V  [jvm.dll+0x7817a9]
V  [jvm.dll+0x782f03]
V  [jvm.dll+0x783563]
V  [jvm.dll+0x216325]
V  [jvm.dll+0x97f3a]
V  [jvm.dll+0x9861c]
V  [jvm.dll+0x32e2a8]
V  [jvm.dll+0x2f768a]
V  [jvm.dll+0x2f6a4a]
V  [jvm.dll+0x1ea705]
V  [jvm.dll+0x1e996e]
V  [jvm.dll+0x178567]
V  [jvm.dll+0x1f9225]
V  [jvm.dll+0x1f72cc]
V  [jvm.dll+0x74495d]
V  [jvm.dll+0x73d75a]
V  [jvm.dll+0x629c56]
C  [ucrtbase.dll+0x210b2]
C  [KERNEL32.dll+0x17c24]
C  [ntdll.dll+0x6d721]


---------------  P R O C E S S  ---------------

Threads class SMR info:
_java_thread_list=0x0000023673fc47e0, length=13, elements={
0x0000023653a52a00, 0x00000236728847e0, 0x000002367313a410, 0x0000023672884f90,
0x0000023672885950, 0x0000023672886400, 0x00000236728881f0, 0x000002367288c290,
0x00000236731716c0, 0x00000236732f6450, 0x000002367330a1b0, 0x0000023673f52040,
0x0000023673fb2d20
}

Java Threads: ( => current thread )
  0x0000023653a52a00 JavaThread "main" [_thread_in_vm, id=16892, stack(0x0000007684600000,0x0000007684700000)]
  0x00000236728847e0 JavaThread "Reference Handler" daemon [_thread_blocked, id=29080, stack(0x0000007684d00000,0x0000007684e00000)]
  0x000002367313a410 JavaThread "Finalizer" daemon [_thread_blocked, id=9940, stack(0x0000007684e00000,0x0000007684f00000)]
  0x0000023672884f90 JavaThread "Signal Dispatcher" daemon [_thread_blocked, id=32480, stack(0x0000007684f00000,0x0000007685000000)]
  0x0000023672885950 JavaThread "Attach Listener" daemon [_thread_blocked, id=36708, stack(0x0000007685000000,0x0000007685100000)]
  0x0000023672886400 JavaThread "Service Thread" daemon [_thread_blocked, id=1284, stack(0x0000007685100000,0x0000007685200000)]
  0x00000236728881f0 JavaThread "C2 CompilerThread0" daemon [_thread_in_native, id=16060, stack(0x0000007685200000,0x0000007685300000)]
  0x000002367288c290 JavaThread "C1 CompilerThread0" daemon [_thread_blocked, id=25728, stack(0x0000007685300000,0x0000007685400000)]
  0x00000236731716c0 JavaThread "Sweeper thread" daemon [_thread_blocked, id=14864, stack(0x0000007685400000,0x0000007685500000)]
  0x00000236732f6450 JavaThread "Notification Thread" daemon [_thread_blocked, id=8780, stack(0x0000007685500000,0x0000007685600000)]
  0x000002367330a1b0 JavaThread "Common-Cleaner" daemon [_thread_blocked, id=19160, stack(0x0000007685700000,0x0000007685800000)]
=>0x0000023673f52040 JavaThread "C2 CompilerThread1" daemon [_thread_in_native, id=3592, stack(0x0000007685800000,0x0000007685900000)]
  0x0000023673fb2d20 JavaThread "C2 CompilerThread2" daemon [_thread_in_native, id=8268, stack(0x0000007685900000,0x0000007685a00000)]

Other Threads:
  0x0000023672883ed0 VMThread "VM Thread" [stack: 0x0000007684c00000,0x0000007684d00000] [id=30120]
  0x00000236732f6920 WatcherThread [stack: 0x0000007685600000,0x0000007685700000] [id=32364]
  0x0000023653aa3950 GCTaskThread "GC Thread#0" [stack: 0x0000007684700000,0x0000007684800000] [id=27264]
  0x00000236739178f0 GCTaskThread "GC Thread#1" [stack: 0x0000007685a00000,0x0000007685b00000] [id=21132]
  0x00000236739142c0 GCTaskThread "GC Thread#2" [stack: 0x0000007685b00000,0x0000007685c00000] [id=16036]
  0x0000023673913f90 GCTaskThread "GC Thread#3" [stack: 0x0000007685c00000,0x0000007685d00000] [id=39028]
  0x00000236739162a0 GCTaskThread "GC Thread#4" [stack: 0x0000007685d00000,0x0000007685e00000] [id=2564]
  0x0000023673914c50 GCTaskThread "GC Thread#5" [stack: 0x0000007685e00000,0x0000007685f00000] [id=34340]
  0x0000023653ab4930 ConcurrentGCThread "G1 Main Marker" [stack: 0x0000007684800000,0x0000007684900000] [id=5444]
  0x0000023653ab6cd0 ConcurrentGCThread "G1 Conc#0" [stack: 0x0000007684900000,0x0000007684a00000] [id=3652]
  0x0000023653aee300 ConcurrentGCThread "G1 Refine#0" [stack: 0x0000007684a00000,0x0000007684b00000] [id=27732]
  0x000002367272e550 ConcurrentGCThread "G1 Young RemSet Sampling" [stack: 0x0000007684b00000,0x0000007684c00000] [id=32220]

Threads with active compile tasks:
C2 CompilerThread0     2771 1808       4       jdk.internal.org.objectweb.asm.Frame::execute (2305 bytes)
C2 CompilerThread1     2771 1766       4       sun.util.locale.BaseLocale::getInstance (186 bytes)
C2 CompilerThread2     2771 1827  s!   4       jdk.internal.loader.URLClassPath::getLoader (194 bytes)

VM state: not at safepoint (normal execution)

VM Mutex/Monitor currently owned by a thread:  ([mutex/lock_event])
[0x0000023653a4d150] AdapterHandlerLibrary_lock - owner thread: 0x0000000000000000

Heap address: 0x0000000702e00000, size: 4050 MB, Compressed Oops mode: Zero based, Oop shift amount: 3
CDS disabled.
Compressed class space mapped at: 0x0000000800000000-0x0000000840000000, size: 1073741824
Narrow klass base: 0x0000000800000000, Narrow klass shift: 0, Narrow klass range: 0x40000000

GC Precious Log:
 CPUs: 8 total, 8 available
 Memory: 16192M
 Large Page Support: Disabled
 NUMA Support: Disabled
 Compressed Oops: Enabled (Zero based)
 Heap Region Size: 2M
 Heap Min Capacity: 8M
 Heap Initial Capacity: 254M
 Heap Max Capacity: 4050M
 Pre-touch: Disabled
 Parallel Workers: 8
 Concurrent Workers: 2
 Concurrent Refinement Workers: 8
 Periodic GC: Disabled

Heap:
 garbage-first heap   total 260096K, used 13552K [0x0000000702e00000, 0x0000000800000000)
  region size 2048K, 5 young (10240K), 2 survivors (4096K)
 Metaspace       used 18275K, capacity 18500K, committed 18816K, reserved 1067008K
  class space    used 2004K, capacity 2068K, committed 2176K, reserved 1048576K

Heap Regions: E=young(eden), S=young(survivor), O=old, HS=humongous(starts), HC=humongous(continues), CS=collection set, F=free, OA=open archive, CA=closed archive, TAMS=top-at-mark-start (previous, next)
|   0|0x0000000702e00000, 0x0000000703000000, 0x0000000703000000|100%| O|  |TAMS 0x0000000702e00000, 0x0000000702e00000| Untracked 
|   1|0x0000000703000000, 0x0000000703200000, 0x0000000703200000|100%| O|  |TAMS 0x0000000703000000, 0x0000000703000000| Untracked 
|   2|0x0000000703200000, 0x0000000703400000, 0x0000000703400000|100%| O|  |TAMS 0x0000000703200000, 0x0000000703200000| Untracked 
|   3|0x0000000703400000, 0x00000007034b0c00, 0x0000000703600000| 34%| O|  |TAMS 0x0000000703400000, 0x0000000703400000| Untracked 
|   4|0x0000000703600000, 0x0000000703600000, 0x0000000703800000|  0%| F|  |TAMS 0x0000000703600000, 0x0000000703600000| Untracked 
|   5|0x0000000703800000, 0x0000000703800000, 0x0000000703a00000|  0%| F|  |TAMS 0x0000000703800000, 0x0000000703800000| Untracked 
|   6|0x0000000703a00000, 0x0000000703a00000, 0x0000000703c00000|  0%| F|  |TAMS 0x0000000703a00000, 0x0000000703a00000| Untracked 
|   7|0x0000000703c00000, 0x0000000703c00000, 0x0000000703e00000|  0%| F|  |TAMS 0x0000000703c00000, 0x0000000703c00000| Untracked 
|   8|0x0000000703e00000, 0x0000000703e00000, 0x0000000704000000|  0%| F|  |TAMS 0x0000000703e00000, 0x0000000703e00000| Untracked 
|   9|0x0000000704000000, 0x0000000704000000, 0x0000000704200000|  0%| F|  |TAMS 0x0000000704000000, 0x0000000704000000| Untracked 
|  10|0x0000000704200000, 0x0000000704200000, 0x0000000704400000|  0%| F|  |TAMS 0x0000000704200000, 0x0000000704200000| Untracked 
|  11|0x0000000704400000, 0x0000000704400000, 0x0000000704600000|  0%| F|  |TAMS 0x0000000704400000, 0x0000000704400000| Untracked 
|  12|0x0000000704600000, 0x0000000704600000, 0x0000000704800000|  0%| F|  |TAMS 0x0000000704600000, 0x0000000704600000| Untracked 
|  13|0x0000000704800000, 0x0000000704800000, 0x0000000704a00000|  0%| F|  |TAMS 0x0000000704800000, 0x0000000704800000| Untracked 
|  14|0x0000000704a00000, 0x0000000704a00000, 0x0000000704c00000|  0%| F|  |TAMS 0x0000000704a00000, 0x0000000704a00000| Untracked 
|  15|0x0000000704c00000, 0x0000000704c00000, 0x0000000704e00000|  0%| F|  |TAMS 0x0000000704c00000, 0x0000000704c00000| Untracked 
|  16|0x0000000704e00000, 0x0000000704e00000, 0x0000000705000000|  0%| F|  |TAMS 0x0000000704e00000, 0x0000000704e00000| Untracked 
|  17|0x0000000705000000, 0x0000000705000000, 0x0000000705200000|  0%| F|  |TAMS 0x0000000705000000, 0x0000000705000000| Untracked 
|  18|0x0000000705200000, 0x0000000705200000, 0x0000000705400000|  0%| F|  |TAMS 0x0000000705200000, 0x0000000705200000| Untracked 
|  19|0x0000000705400000, 0x0000000705400000, 0x0000000705600000|  0%| F|  |TAMS 0x0000000705400000, 0x0000000705400000| Untracked 
|  20|0x0000000705600000, 0x0000000705600000, 0x0000000705800000|  0%| F|  |TAMS 0x0000000705600000, 0x0000000705600000| Untracked 
|  21|0x0000000705800000, 0x0000000705800000, 0x0000000705a00000|  0%| F|  |TAMS 0x0000000705800000, 0x0000000705800000| Untracked 
|  22|0x0000000705a00000, 0x0000000705a00000, 0x0000000705c00000|  0%| F|  |TAMS 0x0000000705a00000, 0x0000000705a00000| Untracked 
|  23|0x0000000705c00000, 0x0000000705c00000, 0x0000000705e00000|  0%| F|  |TAMS 0x0000000705c00000, 0x0000000705c00000| Untracked 
|  24|0x0000000705e00000, 0x0000000705e00000, 0x0000000706000000|  0%| F|  |TAMS 0x0000000705e00000, 0x0000000705e00000| Untracked 
|  25|0x0000000706000000, 0x0000000706000000, 0x0000000706200000|  0%| F|  |TAMS 0x0000000706000000, 0x0000000706000000| Untracked 
|  26|0x0000000706200000, 0x0000000706200000, 0x0000000706400000|  0%| F|  |TAMS 0x0000000706200000, 0x0000000706200000| Untracked 
|  27|0x0000000706400000, 0x0000000706400000, 0x0000000706600000|  0%| F|  |TAMS 0x0000000706400000, 0x0000000706400000| Untracked 
|  28|0x0000000706600000, 0x0000000706600000, 0x0000000706800000|  0%| F|  |TAMS 0x0000000706600000, 0x0000000706600000| Untracked 
|  29|0x0000000706800000, 0x0000000706800000, 0x0000000706a00000|  0%| F|  |TAMS 0x0000000706800000, 0x0000000706800000| Untracked 
|  30|0x0000000706a00000, 0x0000000706a00000, 0x0000000706c00000|  0%| F|  |TAMS 0x0000000706a00000, 0x0000000706a00000| Untracked 
|  31|0x0000000706c00000, 0x0000000706c00000, 0x0000000706e00000|  0%| F|  |TAMS 0x0000000706c00000, 0x0000000706c00000| Untracked 
|  32|0x0000000706e00000, 0x0000000706e00000, 0x0000000707000000|  0%| F|  |TAMS 0x0000000706e00000, 0x0000000706e00000| Untracked 
|  33|0x0000000707000000, 0x0000000707000000, 0x0000000707200000|  0%| F|  |TAMS 0x0000000707000000, 0x0000000707000000| Untracked 
|  34|0x0000000707200000, 0x0000000707200000, 0x0000000707400000|  0%| F|  |TAMS 0x0000000707200000, 0x0000000707200000| Untracked 
|  35|0x0000000707400000, 0x0000000707400000, 0x0000000707600000|  0%| F|  |TAMS 0x0000000707400000, 0x0000000707400000| Untracked 
|  36|0x0000000707600000, 0x0000000707600000, 0x0000000707800000|  0%| F|  |TAMS 0x0000000707600000, 0x0000000707600000| Untracked 
|  37|0x0000000707800000, 0x0000000707800000, 0x0000000707a00000|  0%| F|  |TAMS 0x0000000707800000, 0x0000000707800000| Untracked 
|  38|0x0000000707a00000, 0x0000000707a00000, 0x0000000707c00000|  0%| F|  |TAMS 0x0000000707a00000, 0x0000000707a00000| Untracked 
|  39|0x0000000707c00000, 0x0000000707c00000, 0x0000000707e00000|  0%| F|  |TAMS 0x0000000707c00000, 0x0000000707c00000| Untracked 
|  40|0x0000000707e00000, 0x0000000707e00000, 0x0000000708000000|  0%| F|  |TAMS 0x0000000707e00000, 0x0000000707e00000| Untracked 
|  41|0x0000000708000000, 0x0000000708000000, 0x0000000708200000|  0%| F|  |TAMS 0x0000000708000000, 0x0000000708000000| Untracked 
|  42|0x0000000708200000, 0x0000000708200000, 0x0000000708400000|  0%| F|  |TAMS 0x0000000708200000, 0x0000000708200000| Untracked 
|  43|0x0000000708400000, 0x0000000708400000, 0x0000000708600000|  0%| F|  |TAMS 0x0000000708400000, 0x0000000708400000| Untracked 
|  44|0x0000000708600000, 0x0000000708600000, 0x0000000708800000|  0%| F|  |TAMS 0x0000000708600000, 0x0000000708600000| Untracked 
|  45|0x0000000708800000, 0x0000000708800000, 0x0000000708a00000|  0%| F|  |TAMS 0x0000000708800000, 0x0000000708800000| Untracked 
|  46|0x0000000708a00000, 0x0000000708a00000, 0x0000000708c00000|  0%| F|  |TAMS 0x0000000708a00000, 0x0000000708a00000| Untracked 
|  47|0x0000000708c00000, 0x0000000708c00000, 0x0000000708e00000|  0%| F|  |TAMS 0x0000000708c00000, 0x0000000708c00000| Untracked 
|  48|0x0000000708e00000, 0x0000000708e00000, 0x0000000709000000|  0%| F|  |TAMS 0x0000000708e00000, 0x0000000708e00000| Untracked 
|  49|0x0000000709000000, 0x0000000709000000, 0x0000000709200000|  0%| F|  |TAMS 0x0000000709000000, 0x0000000709000000| Untracked 
|  50|0x0000000709200000, 0x0000000709200000, 0x0000000709400000|  0%| F|  |TAMS 0x0000000709200000, 0x0000000709200000| Untracked 
|  51|0x0000000709400000, 0x0000000709400000, 0x0000000709600000|  0%| F|  |TAMS 0x0000000709400000, 0x0000000709400000| Untracked 
|  52|0x0000000709600000, 0x0000000709600000, 0x0000000709800000|  0%| F|  |TAMS 0x0000000709600000, 0x0000000709600000| Untracked 
|  53|0x0000000709800000, 0x0000000709800000, 0x0000000709a00000|  0%| F|  |TAMS 0x0000000709800000, 0x0000000709800000| Untracked 
|  54|0x0000000709a00000, 0x0000000709a00000, 0x0000000709c00000|  0%| F|  |TAMS 0x0000000709a00000, 0x0000000709a00000| Untracked 
|  55|0x0000000709c00000, 0x0000000709c00000, 0x0000000709e00000|  0%| F|  |TAMS 0x0000000709c00000, 0x0000000709c00000| Untracked 
|  56|0x0000000709e00000, 0x0000000709e00000, 0x000000070a000000|  0%| F|  |TAMS 0x0000000709e00000, 0x0000000709e00000| Untracked 
|  57|0x000000070a000000, 0x000000070a000000, 0x000000070a200000|  0%| F|  |TAMS 0x000000070a000000, 0x000000070a000000| Untracked 
|  58|0x000000070a200000, 0x000000070a200000, 0x000000070a400000|  0%| F|  |TAMS 0x000000070a200000, 0x000000070a200000| Untracked 
|  59|0x000000070a400000, 0x000000070a400000, 0x000000070a600000|  0%| F|  |TAMS 0x000000070a400000, 0x000000070a400000| Untracked 
|  60|0x000000070a600000, 0x000000070a600000, 0x000000070a800000|  0%| F|  |TAMS 0x000000070a600000, 0x000000070a600000| Untracked 
|  61|0x000000070a800000, 0x000000070a800000, 0x000000070aa00000|  0%| F|  |TAMS 0x000000070a800000, 0x000000070a800000| Untracked 
|  62|0x000000070aa00000, 0x000000070aa00000, 0x000000070ac00000|  0%| F|  |TAMS 0x000000070aa00000, 0x000000070aa00000| Untracked 
|  63|0x000000070ac00000, 0x000000070ac00000, 0x000000070ae00000|  0%| F|  |TAMS 0x000000070ac00000, 0x000000070ac00000| Untracked 
|  64|0x000000070ae00000, 0x000000070ae00000, 0x000000070b000000|  0%| F|  |TAMS 0x000000070ae00000, 0x000000070ae00000| Untracked 
|  65|0x000000070b000000, 0x000000070b000000, 0x000000070b200000|  0%| F|  |TAMS 0x000000070b000000, 0x000000070b000000| Untracked 
|  66|0x000000070b200000, 0x000000070b200000, 0x000000070b400000|  0%| F|  |TAMS 0x000000070b200000, 0x000000070b200000| Untracked 
|  67|0x000000070b400000, 0x000000070b400000, 0x000000070b600000|  0%| F|  |TAMS 0x000000070b400000, 0x000000070b400000| Untracked 
|  68|0x000000070b600000, 0x000000070b600000, 0x000000070b800000|  0%| F|  |TAMS 0x000000070b600000, 0x000000070b600000| Untracked 
|  69|0x000000070b800000, 0x000000070b800000, 0x000000070ba00000|  0%| F|  |TAMS 0x000000070b800000, 0x000000070b800000| Untracked 
|  70|0x000000070ba00000, 0x000000070ba00000, 0x000000070bc00000|  0%| F|  |TAMS 0x000000070ba00000, 0x000000070ba00000| Untracked 
|  71|0x000000070bc00000, 0x000000070bc00000, 0x000000070be00000|  0%| F|  |TAMS 0x000000070bc00000, 0x000000070bc00000| Untracked 
|  72|0x000000070be00000, 0x000000070be00000, 0x000000070c000000|  0%| F|  |TAMS 0x000000070be00000, 0x000000070be00000| Untracked 
|  73|0x000000070c000000, 0x000000070c000000, 0x000000070c200000|  0%| F|  |TAMS 0x000000070c000000, 0x000000070c000000| Untracked 
|  74|0x000000070c200000, 0x000000070c200000, 0x000000070c400000|  0%| F|  |TAMS 0x000000070c200000, 0x000000070c200000| Untracked 
|  75|0x000000070c400000, 0x000000070c400000, 0x000000070c600000|  0%| F|  |TAMS 0x000000070c400000, 0x000000070c400000| Untracked 
|  76|0x000000070c600000, 0x000000070c600000, 0x000000070c800000|  0%| F|  |TAMS 0x000000070c600000, 0x000000070c600000| Untracked 
|  77|0x000000070c800000, 0x000000070c800000, 0x000000070ca00000|  0%| F|  |TAMS 0x000000070c800000, 0x000000070c800000| Untracked 
|  78|0x000000070ca00000, 0x000000070ca00000, 0x000000070cc00000|  0%| F|  |TAMS 0x000000070ca00000, 0x000000070ca00000| Untracked 
|  79|0x000000070cc00000, 0x000000070cc00000, 0x000000070ce00000|  0%| F|  |TAMS 0x000000070cc00000, 0x000000070cc00000| Untracked 
|  80|0x000000070ce00000, 0x000000070ce00000, 0x000000070d000000|  0%| F|  |TAMS 0x000000070ce00000, 0x000000070ce00000| Untracked 
|  81|0x000000070d000000, 0x000000070d000000, 0x000000070d200000|  0%| F|  |TAMS 0x000000070d000000, 0x000000070d000000| Untracked 
|  82|0x000000070d200000, 0x000000070d200000, 0x000000070d400000|  0%| F|  |TAMS 0x000000070d200000, 0x000000070d200000| Untracked 
|  83|0x000000070d400000, 0x000000070d400000, 0x000000070d600000|  0%| F|  |TAMS 0x000000070d400000, 0x000000070d400000| Untracked 
|  84|0x000000070d600000, 0x000000070d600000, 0x000000070d800000|  0%| F|  |TAMS 0x000000070d600000, 0x000000070d600000| Untracked 
|  85|0x000000070d800000, 0x000000070d800000, 0x000000070da00000|  0%| F|  |TAMS 0x000000070d800000, 0x000000070d800000| Untracked 
|  86|0x000000070da00000, 0x000000070da00000, 0x000000070dc00000|  0%| F|  |TAMS 0x000000070da00000, 0x000000070da00000| Untracked 
|  87|0x000000070dc00000, 0x000000070dc00000, 0x000000070de00000|  0%| F|  |TAMS 0x000000070dc00000, 0x000000070dc00000| Untracked 
|  88|0x000000070de00000, 0x000000070de00000, 0x000000070e000000|  0%| F|  |TAMS 0x000000070de00000, 0x000000070de00000| Untracked 
|  89|0x000000070e000000, 0x000000070e000000, 0x000000070e200000|  0%| F|  |TAMS 0x000000070e000000, 0x000000070e000000| Untracked 
|  90|0x000000070e200000, 0x000000070e200000, 0x000000070e400000|  0%| F|  |TAMS 0x000000070e200000, 0x000000070e200000| Untracked 
|  91|0x000000070e400000, 0x000000070e400000, 0x000000070e600000|  0%| F|  |TAMS 0x000000070e400000, 0x000000070e400000| Untracked 
|  92|0x000000070e600000, 0x000000070e600000, 0x000000070e800000|  0%| F|  |TAMS 0x000000070e600000, 0x000000070e600000| Untracked 
|  93|0x000000070e800000, 0x000000070e800000, 0x000000070ea00000|  0%| F|  |TAMS 0x000000070e800000, 0x000000070e800000| Untracked 
|  94|0x000000070ea00000, 0x000000070ea00000, 0x000000070ec00000|  0%| F|  |TAMS 0x000000070ea00000, 0x000000070ea00000| Untracked 
|  95|0x000000070ec00000, 0x000000070ec00000, 0x000000070ee00000|  0%| F|  |TAMS 0x000000070ec00000, 0x000000070ec00000| Untracked 
|  96|0x000000070ee00000, 0x000000070ee00000, 0x000000070f000000|  0%| F|  |TAMS 0x000000070ee00000, 0x000000070ee00000| Untracked 
|  97|0x000000070f000000, 0x000000070f000000, 0x000000070f200000|  0%| F|  |TAMS 0x000000070f000000, 0x000000070f000000| Untracked 
|  98|0x000000070f200000, 0x000000070f200000, 0x000000070f400000|  0%| F|  |TAMS 0x000000070f200000, 0x000000070f200000| Untracked 
|  99|0x000000070f400000, 0x000000070f400000, 0x000000070f600000|  0%| F|  |TAMS 0x000000070f400000, 0x000000070f400000| Untracked 
| 100|0x000000070f600000, 0x000000070f600000, 0x000000070f800000|  0%| F|  |TAMS 0x000000070f600000, 0x000000070f600000| Untracked 
| 101|0x000000070f800000, 0x000000070f800000, 0x000000070fa00000|  0%| F|  |TAMS 0x000000070f800000, 0x000000070f800000| Untracked 
| 102|0x000000070fa00000, 0x000000070fa00000, 0x000000070fc00000|  0%| F|  |TAMS 0x000000070fa00000, 0x000000070fa00000| Untracked 
| 103|0x000000070fc00000, 0x000000070fc00000, 0x000000070fe00000|  0%| F|  |TAMS 0x000000070fc00000, 0x000000070fc00000| Untracked 
| 104|0x000000070fe00000, 0x000000070fe00000, 0x0000000710000000|  0%| F|  |TAMS 0x000000070fe00000, 0x000000070fe00000| Untracked 
| 105|0x0000000710000000, 0x0000000710000000, 0x0000000710200000|  0%| F|  |TAMS 0x0000000710000000, 0x0000000710000000| Untracked 
| 106|0x0000000710200000, 0x0000000710200000, 0x0000000710400000|  0%| F|  |TAMS 0x0000000710200000, 0x0000000710200000| Untracked 
| 107|0x0000000710400000, 0x0000000710400000, 0x0000000710600000|  0%| F|  |TAMS 0x0000000710400000, 0x0000000710400000| Untracked 
| 108|0x0000000710600000, 0x0000000710600000, 0x0000000710800000|  0%| F|  |TAMS 0x0000000710600000, 0x0000000710600000| Untracked 
| 109|0x0000000710800000, 0x0000000710800000, 0x0000000710a00000|  0%| F|  |TAMS 0x0000000710800000, 0x0000000710800000| Untracked 
| 110|0x0000000710a00000, 0x0000000710a00000, 0x0000000710c00000|  0%| F|  |TAMS 0x0000000710a00000, 0x0000000710a00000| Untracked 
| 111|0x0000000710c00000, 0x0000000710c8b510, 0x0000000710e00000| 27%| S|CS|TAMS 0x0000000710c00000, 0x0000000710c00000| Complete 
| 112|0x0000000710e00000, 0x0000000711000000, 0x0000000711000000|100%| S|CS|TAMS 0x0000000710e00000, 0x0000000710e00000| Complete 
| 113|0x0000000711000000, 0x0000000711000000, 0x0000000711200000|  0%| F|  |TAMS 0x0000000711000000, 0x0000000711000000| Untracked 
| 114|0x0000000711200000, 0x0000000711200000, 0x0000000711400000|  0%| F|  |TAMS 0x0000000711200000, 0x0000000711200000| Untracked 
| 115|0x0000000711400000, 0x0000000711400000, 0x0000000711600000|  0%| F|  |TAMS 0x0000000711400000, 0x0000000711400000| Untracked 
| 116|0x0000000711600000, 0x0000000711600000, 0x0000000711800000|  0%| F|  |TAMS 0x0000000711600000, 0x0000000711600000| Untracked 
| 117|0x0000000711800000, 0x0000000711800000, 0x0000000711a00000|  0%| F|  |TAMS 0x0000000711800000, 0x0000000711800000| Untracked 
| 118|0x0000000711a00000, 0x0000000711a00000, 0x0000000711c00000|  0%| F|  |TAMS 0x0000000711a00000, 0x0000000711a00000| Untracked 
| 119|0x0000000711c00000, 0x0000000711c00000, 0x0000000711e00000|  0%| F|  |TAMS 0x0000000711c00000, 0x0000000711c00000| Untracked 
| 120|0x0000000711e00000, 0x0000000711e00000, 0x0000000712000000|  0%| F|  |TAMS 0x0000000711e00000, 0x0000000711e00000| Untracked 
| 121|0x0000000712000000, 0x0000000712000000, 0x0000000712200000|  0%| F|  |TAMS 0x0000000712000000, 0x0000000712000000| Untracked 
| 122|0x0000000712200000, 0x0000000712200000, 0x0000000712400000|  0%| F|  |TAMS 0x0000000712200000, 0x0000000712200000| Untracked 
| 123|0x0000000712400000, 0x0000000712400000, 0x0000000712600000|  0%| F|  |TAMS 0x0000000712400000, 0x0000000712400000| Untracked 
| 124|0x0000000712600000, 0x0000000712800000, 0x0000000712800000|100%| E|  |TAMS 0x0000000712600000, 0x0000000712600000| Complete 
| 125|0x0000000712800000, 0x0000000712a00000, 0x0000000712a00000|100%| E|CS|TAMS 0x0000000712800000, 0x0000000712800000| Complete 
| 126|0x0000000712a00000, 0x0000000712c00000, 0x0000000712c00000|100%| E|CS|TAMS 0x0000000712a00000, 0x0000000712a00000| Complete 

Card table byte_map: [0x0000023666f50000,0x0000023667740000] _byte_map_base: 0x0000023663739000

Marking Bits (Prev, Next): (CMBitMap*) 0x0000023653aa41c0, (CMBitMap*) 0x0000023653aa4200
 Prev Bits: [0x0000023667f30000, 0x000002366be78000)
 Next Bits: [0x000002366be80000, 0x000002366fdc8000)

Polling page: 0x0000023651780000

Metaspace:

Usage:
  Non-class:     16.18 MB capacity,    16.02 MB (>99%) used,   138.92 KB ( <1%) free+waste,    20.38 KB ( <1%) overhead. 
      Class:      2.02 MB capacity,     1.96 MB ( 97%) used,    53.22 KB (  3%) free+waste,     7.69 KB ( <1%) overhead. 
       Both:     18.20 MB capacity,    17.99 MB ( 99%) used,   192.14 KB (  1%) free+waste,    28.06 KB ( <1%) overhead. 

Virtual space:
  Non-class space:       18.00 MB reserved,      16.25 MB ( 90%) committed 
      Class space:        1.00 GB reserved,       2.13 MB ( <1%) committed 
             Both:        1.02 GB reserved,      18.38 MB (  2%) committed 

Chunk freelists:
   Non-Class:  8.00 KB
       Class:  8.00 KB
        Both:  16.00 KB

MaxMetaspaceSize: 17179869184.00 GB
CompressedClassSpaceSize: 1.00 GB

CodeHeap 'non-profiled nmethods': size=120000Kb used=799Kb max_used=799Kb free=119200Kb
 bounds [0x000002365ef00000, 0x000002365f170000, 0x0000023666430000]
CodeHeap 'profiled nmethods': size=120000Kb used=3596Kb max_used=3596Kb free=116403Kb
 bounds [0x00000236579d0000, 0x0000023657d60000, 0x000002365ef00000]
CodeHeap 'non-nmethods': size=5760Kb used=1185Kb max_used=1233Kb free=4574Kb
 bounds [0x0000023657430000, 0x00000236576a0000, 0x00000236579d0000]
 total_blobs=2279 nmethods=1842 adapters=349
 compilation: enabled
              stopped_count=0, restarted_count=0
 full_count=0

Compilation events (20 events):
Event: 2.632 Thread 0x000002367288c290 1768       3       sun.util.locale.BaseLocale$Key::equals (109 bytes)
Event: 2.633 Thread 0x000002367288c290 nmethod 1768 0x0000023657d33210 code [0x0000023657d33480, 0x0000023657d341d8]
Event: 2.645 Thread 0x00000236728881f0 nmethod 1767 0x000002365efbab90 code [0x000002365efbad40, 0x000002365efbb918]
Event: 2.645 Thread 0x00000236728881f0 1773       4       java.util.jar.Manifest$FastInputStream::readLine (296 bytes)
Event: 2.660 Thread 0x0000023673fb2d20 nmethod 1749 0x000002365efbbc90 code [0x000002365efbbea0, 0x000002365efbd260]
Event: 2.660 Thread 0x0000023673fb2d20 1772       4       java.util.stream.Sink::begin (1 bytes)
Event: 2.660 Thread 0x0000023673fb2d20 nmethod 1772 0x000002365efbde90 code [0x000002365efbe000, 0x000002365efbe058]
Event: 2.661 Thread 0x00000236728881f0 nmethod 1773 0x000002365efbe190 code [0x000002365efbe340, 0x000002365efbead8]
Event: 2.663 Thread 0x000002367288c290 1777       3       java.util.WeakHashMap::put (162 bytes)
Event: 2.665 Thread 0x000002367288c290 nmethod 1777 0x0000023657d34490 code [0x0000023657d34700, 0x0000023657d35618]
Event: 2.678 Thread 0x000002367288c290 1778       3       java.util.WeakHashMap::remove (133 bytes)
Event: 2.679 Thread 0x000002367288c290 nmethod 1778 0x0000023657d35b10 code [0x0000023657d35d40, 0x0000023657d36748]
Event: 2.684 Thread 0x000002367288c290 1779       3       java.lang.Integer::hashCode (8 bytes)
Event: 2.685 Thread 0x000002367288c290 nmethod 1779 0x0000023657d36b10 code [0x0000023657d36ca0, 0x0000023657d36df8]
Event: 2.685 Thread 0x000002367288c290 1780       3       java.lang.Integer::hashCode (2 bytes)
Event: 2.685 Thread 0x000002367288c290 nmethod 1780 0x0000023657d36e90 code [0x0000023657d37020, 0x0000023657d370f8]
Event: 2.685 Thread 0x0000023673fb2d20 1781       4       java.io.DataInputStream::readUTF (501 bytes)
Event: 2.685 Thread 0x000002367288c290 1782       3       org.codehaus.groovy.reflection.GeneratedMetaMethod$DgmMethodRecord::<init> (5 bytes)
Event: 2.686 Thread 0x000002367288c290 nmethod 1782 0x0000023657d37190 code [0x0000023657d37320, 0x0000023657d37478]
Event: 2.686 Thread 0x00000236728881f0 1783       4       java.io.DataInputStream::readInt (72 bytes)

GC Heap History (4 events):
Event: 1.627 GC heap before
{Heap before GC invocations=0 (full 0):
 garbage-first heap   total 260096K, used 20480K [0x0000000702e00000, 0x0000000800000000)
  region size 2048K, 11 young (22528K), 0 survivors (0K)
 Metaspace       used 12665K, capacity 12895K, committed 13184K, reserved 1060864K
  class space    used 1249K, capacity 1331K, committed 1408K, reserved 1048576K
}
Event: 1.636 GC heap after
{Heap after GC invocations=1 (full 0):
 garbage-first heap   total 260096K, used 6596K [0x0000000702e00000, 0x0000000800000000)
  region size 2048K, 2 young (4096K), 2 survivors (4096K)
 Metaspace       used 12665K, capacity 12895K, committed 13184K, reserved 1060864K
  class space    used 1249K, capacity 1331K, committed 1408K, reserved 1048576K
}
Event: 2.615 GC heap before
{Heap before GC invocations=1 (full 0):
 garbage-first heap   total 260096K, used 31172K [0x0000000702e00000, 0x0000000800000000)
  region size 2048K, 14 young (28672K), 2 survivors (4096K)
 Metaspace       used 16992K, capacity 17243K, committed 17408K, reserved 1064960K
  class space    used 1842K, capacity 1926K, committed 2048K, reserved 1048576K
}
Event: 2.622 GC heap after
{Heap after GC invocations=2 (full 0):
 garbage-first heap   total 260096K, used 9456K [0x0000000702e00000, 0x0000000800000000)
  region size 2048K, 2 young (4096K), 2 survivors (4096K)
 Metaspace       used 16992K, capacity 17243K, committed 17408K, reserved 1064960K
  class space    used 1842K, capacity 1926K, committed 2048K, reserved 1048576K
}

Deoptimization events (20 events):
Event: 2.479 Thread 0x0000023653a52a00 Uncommon trap: trap_request=0xffffffde fr.pc=0x000002365efa5f44 relative=0x0000000000000124
Event: 2.479 Thread 0x0000023653a52a00 Uncommon trap: reason=class_check action=maybe_recompile pc=0x000002365efa5f44 method=jdk.internal.misc.Unsafe.allocateUninitializedArray(Ljava/lang/Class;I)Ljava/lang/Object; @ 51 c2
Event: 2.479 Thread 0x0000023653a52a00 DEOPT PACKING pc=0x000002365efa5f44 sp=0x00000076846f7d60
Event: 2.479 Thread 0x0000023653a52a00 DEOPT UNPACKING pc=0x000002365747e42f sp=0x00000076846f7ce8 mode 2
Event: 2.593 Thread 0x0000023653a52a00 Uncommon trap: trap_request=0xffffff45 fr.pc=0x000002365efa018c relative=0x00000000000000ec
Event: 2.593 Thread 0x0000023653a52a00 Uncommon trap: reason=unstable_if action=reinterpret pc=0x000002365efa018c method=sun.util.locale.BaseLocale.equals(Ljava/lang/Object;)Z @ 2 c2
Event: 2.593 Thread 0x0000023653a52a00 DEOPT PACKING pc=0x000002365efa018c sp=0x00000076846fc0a0
Event: 2.593 Thread 0x0000023653a52a00 DEOPT UNPACKING pc=0x000002365747e42f sp=0x00000076846fbfc0 mode 2
Event: 2.605 Thread 0x0000023653a52a00 Uncommon trap: trap_request=0xffffff45 fr.pc=0x000002365ef9a514 relative=0x0000000000000254
Event: 2.605 Thread 0x0000023653a52a00 Uncommon trap: reason=unstable_if action=reinterpret pc=0x000002365ef9a514 method=java.lang.AbstractStringBuilder.append(C)Ljava/lang/AbstractStringBuilder; @ 14 c2
Event: 2.605 Thread 0x0000023653a52a00 DEOPT PACKING pc=0x000002365ef9a514 sp=0x00000076846fc170
Event: 2.605 Thread 0x0000023653a52a00 DEOPT UNPACKING pc=0x000002365747e42f sp=0x00000076846fc0e8 mode 2
Event: 2.605 Thread 0x0000023653a52a00 Uncommon trap: trap_request=0xffffff45 fr.pc=0x000002365ef06b9c relative=0x00000000000001fc
Event: 2.605 Thread 0x0000023653a52a00 Uncommon trap: reason=unstable_if action=reinterpret pc=0x000002365ef06b9c method=java.lang.AbstractStringBuilder.isLatin1()Z @ 10 c2
Event: 2.605 Thread 0x0000023653a52a00 DEOPT PACKING pc=0x000002365ef06b9c sp=0x00000076846fc0a0
Event: 2.605 Thread 0x0000023653a52a00 DEOPT UNPACKING pc=0x000002365747e42f sp=0x00000076846fc010 mode 2
Event: 2.606 Thread 0x0000023653a52a00 Uncommon trap: trap_request=0xffffff45 fr.pc=0x000002365ef063b4 relative=0x0000000000000034
Event: 2.606 Thread 0x0000023653a52a00 Uncommon trap: reason=unstable_if action=reinterpret pc=0x000002365ef063b4 method=java.lang.StringLatin1.canEncode(I)Z @ 4 c2
Event: 2.606 Thread 0x0000023653a52a00 DEOPT PACKING pc=0x000002365ef063b4 sp=0x00000076846fc080
Event: 2.606 Thread 0x0000023653a52a00 DEOPT UNPACKING pc=0x000002365747e42f sp=0x00000076846fc010 mode 2

Classes unloaded (0 events):
No events

Classes redefined (0 events):
No events

Internal exceptions (20 events):
Event: 0.700 Thread 0x0000023653a52a00 Exception <a 'java/lang/NoSuchMethodError'{0x00000007120a0ec8}: 'void java.lang.invoke.DirectMethodHandle$Holder.invokeSpecial(java.lang.Object, java.lang.Object, java.lang.Object)'> (0x00000007120a0ec8) 
thrown [./open/src/hotspot/share/interpreter/linkResolver.cpp, line 782]
Event: 0.702 Thread 0x0000023653a52a00 Exception <a 'java/lang/NoSuchMethodError'{0x00000007120aad30}: 'java.lang.Object java.lang.invoke.DirectMethodHandle$Holder.invokeInterface(java.lang.Object, java.lang.Object)'> (0x00000007120aad30) 
thrown [./open/src/hotspot/share/interpreter/linkResolver.cpp, line 782]
Event: 1.046 Thread 0x0000023653a52a00 Exception <a 'java/lang/NoSuchMethodError'{0x0000000711e71378}: 'void java.lang.invoke.DirectMethodHandle$Holder.invokeStatic(java.lang.Object, java.lang.Object)'> (0x0000000711e71378) 
thrown [./open/src/hotspot/share/interpreter/linkResolver.cpp, line 782]
Event: 1.047 Thread 0x0000023653a52a00 Exception <a 'java/lang/NoSuchMethodError'{0x0000000711e74d80}: 'void java.lang.invoke.DirectMethodHandle$Holder.invokeStaticInit(java.lang.Object, java.lang.Object)'> (0x0000000711e74d80) 
thrown [./open/src/hotspot/share/interpreter/linkResolver.cpp, line 782]
Event: 1.059 Thread 0x0000023653a52a00 Exception <a 'java/lang/NoSuchMethodError'{0x0000000711ea1c68}: 'java.lang.Object java.lang.invoke.DirectMethodHandle$Holder.invokeStaticInit(java.lang.Object, int, int, int, int)'> (0x0000000711ea1c68) 
thrown [./open/src/hotspot/share/interpreter/linkResolver.cpp, line 782]
Event: 1.174 Thread 0x0000023653a52a00 Exception <a 'java/lang/NoSuchMethodError'{0x0000000711ef9580}: 'java.lang.Object java.lang.invoke.DirectMethodHandle$Holder.invokeStaticInit(java.lang.Object, java.lang.Object, int, int, int, int)'> (0x0000000711ef9580) 
thrown [./open/src/hotspot/share/interpreter/linkResolver.cpp, line 782]
Event: 1.212 Thread 0x0000023653a52a00 Exception <a 'java/lang/NoSuchMethodError'{0x0000000711f469b8}: 'int java.lang.invoke.DirectMethodHandle$Holder.invokeVirtual(java.lang.Object, java.lang.Object)'> (0x0000000711f469b8) 
thrown [./open/src/hotspot/share/interpreter/linkResolver.cpp, line 782]
Event: 1.218 Thread 0x0000023653a52a00 Exception <a 'java/lang/NoSuchMethodError'{0x0000000711f515e8}: 'java.lang.Object java.lang.invoke.Invokers$Holder.invokeExact_MT(java.lang.Object, java.lang.Object, java.lang.Object, java.lang.Object, java.lang.Object, java.lang.Object)'> (0x0000000711f515e8) 
thrown [./open/src/hotspot/share/interpreter/linkResolver.cpp, line 782]
Event: 1.253 Thread 0x0000023653a52a00 Exception <a 'java/lang/NoSuchMethodError'{0x0000000711fc7700}: 'int java.lang.invoke.DirectMethodHandle$Holder.invokeStaticInit(java.lang.Object, java.lang.Object, java.lang.Object)'> (0x0000000711fc7700) 
thrown [./open/src/hotspot/share/interpreter/linkResolver.cpp, line 782]
Event: 1.350 Thread 0x0000023653a52a00 Exception <a 'java/lang/NoSuchMethodError'{0x0000000711cee208}: 'java.lang.Object java.lang.invoke.DirectMethodHandle$Holder.invokeSpecial(java.lang.Object, java.lang.Object, java.lang.Object, java.lang.Object, java.lang.Object, java.lang.Object, java.lang.Object, java.lang.Object, java.lang.Object, java.lang.Object)'> (0x0000000711cee208) 
thrown [./open/src/hotspot/share/interpreter/linkResolver.cpp, line 782]
Event: 1.353 Thread 0x0000023653a52a00 Exception <a 'java/lang/NoSuchMethodError'{0x0000000711cfa5f0}: 'java.lang.Object java.lang.invoke.DirectMethodHandle$Holder.newInvokeSpecial(java.lang.Object, java.lang.Object, java.lang.Object, java.lang.Object, java.lang.Object, java.lang.Object, java.lang.Object, java.lang.Object, java.lang.Object)'> (0x0000000711cfa5f0) 
thrown [./open/src/hotspot/share/interpreter/linkResolver.cpp, line 782]
Event: 1.354 Thread 0x0000023653a52a00 Exception <a 'java/lang/NoSuchMethodError'{0x0000000711cffa50}: 'java.lang.Object java.lang.invoke.Invokers$Holder.linkToTargetMethod(java.lang.Object, java.lang.Object, java.lang.Object, java.lang.Object, java.lang.Object, java.lang.Object, java.lang.Object, java.lang.Object, java.lang.Object)'> (0x0000000711cffa50) 
thrown [./open/src/hotspot/share/interpreter/linkResolver.cpp, line 782]
Event: 1.376 Thread 0x0000023653a52a00 Exception <a 'java/lang/NoSuchMethodError'{0x0000000711d56768}: 'java.lang.Object java.lang.invoke.DirectMethodHandle$Holder.newInvokeSpecial(java.lang.Object, java.lang.Object, java.lang.Object, java.lang.Object, java.lang.Object, java.lang.Object, java.lang.Object)'> (0x0000000711d56768) 
thrown [./open/src/hotspot/share/interpreter/linkResolver.cpp, line 782]
Event: 1.376 Thread 0x0000023653a52a00 Exception <a 'java/lang/NoSuchMethodError'{0x0000000711d5b5d0}: 'java.lang.Object java.lang.invoke.Invokers$Holder.linkToTargetMethod(java.lang.Object, java.lang.Object, java.lang.Object, java.lang.Object, java.lang.Object, java.lang.Object, java.lang.Object)'> (0x0000000711d5b5d0) 
thrown [./open/src/hotspot/share/interpreter/linkResolver.cpp, line 782]
Event: 1.379 Thread 0x0000023653a52a00 Exception <a 'java/lang/NoSuchMethodError'{0x0000000711d67110}: 'void java.lang.invoke.DirectMethodHandle$Holder.invokeStatic(java.lang.Object, java.lang.Object, java.lang.Object, java.lang.Object)'> (0x0000000711d67110) 
thrown [./open/src/hotspot/share/interpreter/linkResolver.cpp, line 782]
Event: 1.437 Thread 0x0000023653a52a00 Exception <a 'java/lang/NoSuchMethodError'{0x0000000711b05690}: 'void java.lang.invoke.DirectMethodHandle$Holder.invokeInterface(java.lang.Object, java.lang.Object)'> (0x0000000711b05690) 
thrown [./open/src/hotspot/share/interpreter/linkResolver.cpp, line 782]
Event: 1.881 Thread 0x0000023653a52a00 Exception <a 'java/lang/NoSuchMethodError'{0x000000071274d890}: 'java.lang.Object java.lang.invoke.DirectMethodHandle$Holder.newInvokeSpecial(java.lang.Object, java.lang.Object, java.lang.Object, java.lang.Object, java.lang.Object)'> (0x000000071274d890) 
thrown [./open/src/hotspot/share/interpreter/linkResolver.cpp, line 782]
Event: 2.099 Thread 0x0000023653a52a00 Exception <a 'java/lang/NoSuchMethodError'{0x00000007122e5368}: 'int java.lang.invoke.DirectMethodHandle$Holder.invokeInterface(java.lang.Object, java.lang.Object)'> (0x00000007122e5368) 
thrown [./open/src/hotspot/share/interpreter/linkResolver.cpp, line 782]
Event: 2.135 Thread 0x0000023653a52a00 Exception <a 'java/lang/IncompatibleClassChangeError'{0x00000007123772f0}: Found class java.lang.Object, but interface was expected> (0x00000007123772f0) 
thrown [./open/src/hotspot/share/interpreter/linkResolver.cpp, line 848]
Event: 2.472 Thread 0x0000023653a52a00 Implicit null exception at 0x000002365ef52d00 to 0x000002365ef53a84

Events (20 events):
Event: 2.655 Executing VM operation: HandshakeAllThreads
Event: 2.655 Executing VM operation: HandshakeAllThreads done
Event: 2.656 loading class java/util/concurrent/locks/AbstractQueuedSynchronizer
Event: 2.657 loading class java/util/concurrent/locks/AbstractQueuedSynchronizer done
Event: 2.670 loading class java/util/EventListener
Event: 2.670 loading class java/util/EventListener done
Event: 2.680 loading class java/io/PrintWriter
Event: 2.680 loading class java/io/PrintWriter done
Event: 2.680 loading class java/util/TimerTask
Event: 2.680 loading class java/util/TimerTask done
Event: 2.680 loading class java/util/Timer
Event: 2.680 loading class java/util/Timer done
Event: 2.681 loading class java/lang/Process
Event: 2.682 loading class java/lang/Process done
Event: 2.682 loading class java/io/DataOutputStream
Event: 2.682 loading class java/io/DataOutputStream done
Event: 2.682 loading class java/net/Socket
Event: 2.683 loading class java/net/Socket done
Event: 2.683 loading class java/net/ServerSocket
Event: 2.683 loading class java/net/ServerSocket done


Dynamic libraries:
0x00007ff6e08d0000 - 0x00007ff6e08dd000 	C:\Users\brupesh\.p2\pool\plugins\org.eclipse.justj.openjdk.hotspot.jre.full.win32.x86_64_15.0.2.v20210201-0955\jre\bin\java.exe
0x00007ffd275e0000 - 0x00007ffd277d0000 	C:\Windows\SYSTEM32\ntdll.dll
0x00007ffd266e0000 - 0x00007ffd26792000 	C:\Windows\System32\KERNEL32.dll
0x00007ffd24150000 - 0x00007ffd2426b000 	C:\Windows\system32\hmpalert.dll
0x00007ffd25210000 - 0x00007ffd254b5000 	C:\Windows\System32\KERNELBASE.dll
0x00007ffd24e80000 - 0x00007ffd24f7a000 	C:\Windows\System32\ucrtbase.dll
0x00007ffd216f0000 - 0x00007ffd21708000 	C:\Users\brupesh\.p2\pool\plugins\org.eclipse.justj.openjdk.hotspot.jre.full.win32.x86_64_15.0.2.v20210201-0955\jre\bin\jli.dll
0x00007ffd1cd40000 - 0x00007ffd1cd59000 	C:\Users\brupesh\.p2\pool\plugins\org.eclipse.justj.openjdk.hotspot.jre.full.win32.x86_64_15.0.2.v20210201-0955\jre\bin\VCRUNTIME140.dll
0x00007ffd26cf0000 - 0x00007ffd26e84000 	C:\Windows\System32\USER32.dll
0x00007ffd25130000 - 0x00007ffd25151000 	C:\Windows\System32\win32u.dll
0x00007ffd26240000 - 0x00007ffd26266000 	C:\Windows\System32\GDI32.dll
0x00007ffd254c0000 - 0x00007ffd25658000 	C:\Windows\System32\gdi32full.dll
0x00007ffd245d0000 - 0x00007ffd2466e000 	C:\Windows\System32\msvcp_win.dll
0x00007ffd08e20000 - 0x00007ffd090a4000 	C:\Windows\WinSxS\amd64_microsoft.windows.common-controls_6595b64144ccf1df_6.0.18362.1379_none_9e7ff3b3e45cc0c4\COMCTL32.dll
0x00007ffd261a0000 - 0x00007ffd2623e000 	C:\Windows\System32\msvcrt.dll
0x00007ffd27100000 - 0x00007ffd27437000 	C:\Windows\System32\combase.dll
0x00007ffd25ed0000 - 0x00007ffd25fef000 	C:\Windows\System32\RPCRT4.dll
0x00007ffd24670000 - 0x00007ffd246f1000 	C:\Windows\System32\bcryptPrimitives.dll
0x00007ffd26270000 - 0x00007ffd2629e000 	C:\Windows\System32\IMM32.DLL
0x00007ffd21c30000 - 0x00007ffd21c3c000 	C:\Users\brupesh\.p2\pool\plugins\org.eclipse.justj.openjdk.hotspot.jre.full.win32.x86_64_15.0.2.v20210201-0955\jre\bin\vcruntime140_1.dll
0x00007ffd02960000 - 0x00007ffd029f1000 	C:\Users\brupesh\.p2\pool\plugins\org.eclipse.justj.openjdk.hotspot.jre.full.win32.x86_64_15.0.2.v20210201-0955\jre\bin\msvcp140.dll
0x00007ffcc5570000 - 0x00007ffcc60ce000 	C:\Users\brupesh\.p2\pool\plugins\org.eclipse.justj.openjdk.hotspot.jre.full.win32.x86_64_15.0.2.v20210201-0955\jre\bin\server\jvm.dll
0x00007ffd26ef0000 - 0x00007ffd26f93000 	C:\Windows\System32\ADVAPI32.dll
0x00007ffd25ff0000 - 0x00007ffd26087000 	C:\Windows\System32\sechost.dll
0x00007ffd26520000 - 0x00007ffd26528000 	C:\Windows\System32\PSAPI.DLL
0x00007ffd20f20000 - 0x00007ffd20f29000 	C:\Windows\SYSTEM32\WSOCK32.dll
0x00007ffd21520000 - 0x00007ffd21544000 	C:\Windows\SYSTEM32\WINMM.dll
0x00007ffd1e5d0000 - 0x00007ffd1e5da000 	C:\Windows\SYSTEM32\VERSION.dll
0x00007ffd26530000 - 0x00007ffd2659f000 	C:\Windows\System32\WS2_32.dll
0x00007ffd214f0000 - 0x00007ffd2151d000 	C:\Windows\SYSTEM32\winmmbase.dll
0x00007ffd24580000 - 0x00007ffd245ca000 	C:\Windows\System32\cfgmgr32.dll
0x00007ffd24540000 - 0x00007ffd24551000 	C:\Windows\System32\kernel.appcore.dll
0x00007ffd1faf0000 - 0x00007ffd1fafa000 	C:\Users\brupesh\.p2\pool\plugins\org.eclipse.justj.openjdk.hotspot.jre.full.win32.x86_64_15.0.2.v20210201-0955\jre\bin\jimage.dll
0x00007ffd22c70000 - 0x00007ffd22e64000 	C:\Windows\SYSTEM32\DBGHELP.DLL
0x00007ffd09200000 - 0x00007ffd0922a000 	C:\Windows\SYSTEM32\dbgcore.DLL
0x00007ffd08960000 - 0x00007ffd08985000 	C:\Users\brupesh\.p2\pool\plugins\org.eclipse.justj.openjdk.hotspot.jre.full.win32.x86_64_15.0.2.v20210201-0955\jre\bin\java.dll
0x00007ffd08570000 - 0x00007ffd08588000 	C:\Users\brupesh\.p2\pool\plugins\org.eclipse.justj.openjdk.hotspot.jre.full.win32.x86_64_15.0.2.v20210201-0955\jre\bin\zip.dll
0x00007ffd257e0000 - 0x00007ffd25ec8000 	C:\Windows\System32\SHELL32.dll
0x00007ffd27440000 - 0x00007ffd274e7000 	C:\Windows\System32\shcore.dll
0x00007ffd24700000 - 0x00007ffd24e7b000 	C:\Windows\System32\windows.storage.dll
0x00007ffd244a0000 - 0x00007ffd244c3000 	C:\Windows\System32\profapi.dll
0x00007ffd244f0000 - 0x00007ffd2453a000 	C:\Windows\System32\powrprof.dll
0x00007ffd24490000 - 0x00007ffd244a0000 	C:\Windows\System32\UMPDC.dll
0x00007ffd26e90000 - 0x00007ffd26ee2000 	C:\Windows\System32\shlwapi.dll
0x00007ffd24560000 - 0x00007ffd24577000 	C:\Windows\System32\cryptsp.dll
0x00007ffd21950000 - 0x00007ffd21969000 	C:\Users\brupesh\.p2\pool\plugins\org.eclipse.justj.openjdk.hotspot.jre.full.win32.x86_64_15.0.2.v20210201-0955\jre\bin\net.dll
0x00007ffd16400000 - 0x00007ffd164f0000 	C:\Windows\SYSTEM32\WINHTTP.dll
0x00007ffd23bb0000 - 0x00007ffd23c17000 	C:\Windows\system32\mswsock.dll
0x00007ffd218a0000 - 0x00007ffd218b2000 	C:\Users\brupesh\.p2\pool\plugins\org.eclipse.justj.openjdk.hotspot.jre.full.win32.x86_64_15.0.2.v20210201-0955\jre\bin\nio.dll
0x00007ffd21ca0000 - 0x00007ffd21cb0000 	C:\Users\brupesh\.p2\pool\plugins\org.eclipse.justj.openjdk.hotspot.jre.full.win32.x86_64_15.0.2.v20210201-0955\jre\bin\verify.dll
0x00007ffd23730000 - 0x00007ffd23763000 	C:\Windows\system32\rsaenh.dll
0x00007ffd25660000 - 0x00007ffd25686000 	C:\Windows\System32\bcrypt.dll
0x00007ffd243b0000 - 0x00007ffd243d5000 	C:\Windows\SYSTEM32\USERENV.dll
0x00007ffd23d80000 - 0x00007ffd23d8c000 	C:\Windows\SYSTEM32\CRYPTBASE.dll
0x00007ffd238c0000 - 0x00007ffd238fa000 	C:\Windows\SYSTEM32\IPHLPAPI.DLL
0x00007ffd26100000 - 0x00007ffd26108000 	C:\Windows\System32\NSI.dll
0x00007ffd1ee30000 - 0x00007ffd1ee46000 	C:\Windows\SYSTEM32\dhcpcsvc6.DLL
0x00007ffd1ed50000 - 0x00007ffd1ed6c000 	C:\Windows\SYSTEM32\dhcpcsvc.DLL
0x00007ffd23910000 - 0x00007ffd239db000 	C:\Windows\SYSTEM32\DNSAPI.dll

dbghelp: loaded successfully - version: 4.0.5 - missing functions: none
symbol engine: initialized successfully - sym options: 0x614 - pdb path: .;C:\Users\brupesh\.p2\pool\plugins\org.eclipse.justj.openjdk.hotspot.jre.full.win32.x86_64_15.0.2.v20210201-0955\jre\bin;C:\Windows\SYSTEM32;C:\Windows\WinSxS\amd64_microsoft.windows.common-controls_6595b64144ccf1df_6.0.18362.1379_none_9e7ff3b3e45cc0c4;C:\Users\brupesh\.p2\pool\plugins\org.eclipse.justj.openjdk.hotspot.jre.full.win32.x86_64_15.0.2.v20210201-0955\jre\bin\server

VM Arguments:
java_command: C:\Users\brupesh\eclipse-workspace\restapi\target\surefire\surefirebooter3029461383421150260.jar C:\Users\brupesh\eclipse-workspace\restapi\target\surefire\surefire16397800193711929670tmp C:\Users\brupesh\eclipse-workspace\restapi\target\surefire\surefire_016251748599717434240tmp
java_class_path (initial): C:\Users\brupesh\eclipse-workspace\restapi\target\surefire\surefirebooter3029461383421150260.jar
Launcher Type: SUN_STANDARD

[Global flags]
     intx CICompilerCount                          = 4                                         {product} {ergonomic}
     uint ConcGCThreads                            = 2                                         {product} {ergonomic}
     uint G1ConcRefinementThreads                  = 8                                         {product} {ergonomic}
   size_t G1HeapRegionSize                         = 2097152                                   {product} {ergonomic}
    uintx GCDrainStackTargetSize                   = 64                                        {product} {ergonomic}
   size_t InitialHeapSize                          = 266338304                                 {product} {ergonomic}
   size_t MarkStackSize                            = 4194304                                   {product} {ergonomic}
   size_t MaxHeapSize                              = 4246732800                                {product} {ergonomic}
   size_t MaxNewSize                               = 2548039680                                {product} {ergonomic}
   size_t MinHeapDeltaBytes                        = 2097152                                   {product} {ergonomic}
   size_t MinHeapSize                              = 8388608                                   {product} {ergonomic}
    uintx NonNMethodCodeHeapSize                   = 5839372                                {pd product} {ergonomic}
    uintx NonProfiledCodeHeapSize                  = 122909434                              {pd product} {ergonomic}
    uintx ProfiledCodeHeapSize                     = 122909434                              {pd product} {ergonomic}
    uintx ReservedCodeCacheSize                    = 251658240                              {pd product} {ergonomic}
     bool SegmentedCodeCache                       = true                                      {product} {ergonomic}
   size_t SoftMaxHeapSize                          = 4246732800                             {manageable} {ergonomic}
     bool UseCompressedClassPointers               = true                                 {lp64_product} {ergonomic}
     bool UseCompressedOops                        = true                                 {lp64_product} {ergonomic}
     bool UseG1GC                                  = true                                      {product} {ergonomic}
     bool UseLargePagesIndividualAllocation        = false                                  {pd product} {ergonomic}

Logging:
Log output configuration:
 #0: stdout all=warning uptime,level,tags
 #1: stderr all=off uptime,level,tags

Environment Variables:
PATH=C:/Users/brupesh/.p2/pool/plugins/org.eclipse.justj.openjdk.hotspot.jre.full.win32.x86_64_15.0.2.v20210201-0955/jre/bin/server;C:/Users/brupesh/.p2/pool/plugins/org.eclipse.justj.openjdk.hotspot.jre.full.win32.x86_64_15.0.2.v20210201-0955/jre/bin;C:\Program Files (x86)\Common Files\Oracle\Java\javapath;C:\Windows\system32;C:\Windows;C:\Windows\System32\Wbem;C:\Windows\System32\WindowsPowerShell\v1.0\;C:\Windows\System32\OpenSSH\;C:\Program Files\Java\jdk1.8.0_281;C:\Program Files\Java\jdk1.8.0_281\bin;C:\Program Files\Java;C:\Program Files\apache-maven-3.6.3\bin;C:\Users\brupesh\AppData\Local\Microsoft\WindowsApps;;C:\Users\brupesh\Desktop;
USERNAME=brupesh
OS=Windows_NT
PROCESSOR_IDENTIFIER=Intel64 Family 6 Model 142 Stepping 12, GenuineIntel



---------------  S Y S T E M  ---------------

OS:
 Windows 10 , 64 bit Build 18362 (10.0.18362.1350)
OS uptime: 52 days 12:42 hours

CPU: total 8 (initial active 8) (4 cores per cpu, 2 threads per core) family 6 model 142 stepping 12 microcode 0xde, cmov, cx8, fxsr, mmx, sse, sse2, sse3, ssse3, sse4.1, sse4.2, popcnt, vzeroupper, avx, avx2, aes, clmul, erms, 3dnowpref, lzcnt, ht, tsc, tscinvbit, bmi1, bmi2, adx, fma, clflush, clflushopt

Memory: 4k page, system-wide physical 16192M (4083M free)
TotalPageFile size 31296M (AvailPageFile size 5M)
current process WorkingSet (physical memory assigned to process): 123M, peak: 123M
current process commit charge ("private bytes"): 384M, peak: 385M

vm_info: OpenJDK 64-Bit Server VM (15.0.2+7-27) for windows-amd64 JRE (15.0.2+7-27), built on Dec  7 2020 20:02:38 by "mach5one" with unknown MS VC++:1925

END.
